==7715== Memcheck, a memory error detector
==7715== Copyright (C) 2002-2010, and GNU GPL'd, by Julian Seward et al.
==7715== Using Valgrind-3.6.1 and LibVEX; rerun with -h for copyright info
==7715== Command: ./eternity ../../pieces_05x05.txt ../../05x05_output.txt
==7715== Parent PID: 7714
==7715== 
==7715== 
==7715== HEAP SUMMARY:
==7715==     in use at exit: 600 bytes in 26 blocks
==7715==   total heap usage: 1,983,924 allocs, 1,983,898 frees, 27,596,352 bytes allocated
==7715== 
==7715== 100 bytes in 1 blocks are still reachable in loss record 1 of 2
==7715==    at 0x4026864: malloc (vg_replace_malloc.c:236)
==7715==    by 0x8048974: read_input (input.c:25)
==7715==    by 0x8048B8C: main (main.c:31)
==7715== 
==7715== 500 bytes in 25 blocks are still reachable in loss record 2 of 2
==7715==    at 0x4026864: malloc (vg_replace_malloc.c:236)
==7715==    by 0x804AE46: square_new (solution.c:53)
==7715==    by 0x8048A24: read_input (input.c:36)
==7715==    by 0x8048B8C: main (main.c:31)
==7715== 
==7715== LEAK SUMMARY:
==7715==    definitely lost: 0 bytes in 0 blocks
==7715==    indirectly lost: 0 bytes in 0 blocks
==7715==      possibly lost: 0 bytes in 0 blocks
==7715==    still reachable: 600 bytes in 26 blocks
==7715==         suppressed: 0 bytes in 0 blocks
==7715== 
==7715== For counts of detected and suppressed errors, rerun with: -v
==7715== ERROR SUMMARY: 0 errors from 0 contexts (suppressed: 17 from 6)
